<?xml version="1.0" encoding="UTF-8"?>
<testng-results skipped="0" failed="0" ignored="0" total="1" passed="1">
  <reporter-output>
  </reporter-output>
  <suite name="Default suite" duration-ms="26382" started-at="2022-12-13T15:29:19 IST" finished-at="2022-12-13T15:29:46 IST">
    <groups>
    </groups>
    <test name="Default test" duration-ms="26382" started-at="2022-12-13T15:29:19 IST" finished-at="2022-12-13T15:29:46 IST">
      <class name="com.medicare.databaseTestscripts.UpdateQuantity">
        <test-method status="PASS" signature="dbDetails()[pri:0, instance:com.medicare.databaseTestscripts.UpdateQuantity@2de8284b]" name="dbDetails" is-config="true" duration-ms="22716" started-at="2022-12-13T15:29:19 IST" finished-at="2022-12-13T15:29:42 IST">
          <reporter-output>
          </reporter-output>
        </test-method> <!-- dbDetails -->
        <test-method status="PASS" signature="updateQuantity()[pri:0, instance:com.medicare.databaseTestscripts.UpdateQuantity@2de8284b]" name="updateQuantity" duration-ms="1642" started-at="2022-12-13T15:29:42 IST" finished-at="2022-12-13T15:29:44 IST">
          <reporter-output>
          </reporter-output>
        </test-method> <!-- updateQuantity -->
        <test-method status="PASS" signature="closeConnection()[pri:0, instance:com.medicare.databaseTestscripts.UpdateQuantity@2de8284b]" name="closeConnection" is-config="true" duration-ms="1918" started-at="2022-12-13T15:29:44 IST" finished-at="2022-12-13T15:29:46 IST">
          <reporter-output>
          </reporter-output>
        </test-method> <!-- closeConnection -->
      </class> <!-- com.medicare.databaseTestscripts.UpdateQuantity -->
    </test> <!-- Default test -->
  </suite> <!-- Default suite -->
</testng-results>
